{
  "stats": {
    "suites": 1,
    "tests": 3,
    "passes": 3,
    "pending": 0,
    "failures": 0,
    "start": "2022-11-29T10:57:09.706Z",
    "end": "2022-11-29T10:57:41.288Z",
    "duration": 31582,
    "testsRegistered": 3,
    "passPercent": 100,
    "pendingPercent": 0,
    "other": 0,
    "hasOther": false,
    "skipped": 0,
    "hasSkipped": false
  },
  "results": [
    {
      "uuid": "b0b2998f-7ab4-4a75-a05b-b90fa08cd951",
      "title": "",
      "fullFile": "cypress\\e2e\\Manufacturers.screen..cy.ts",
      "file": "cypress\\e2e\\Manufacturers.screen..cy.ts",
      "beforeHooks": [],
      "afterHooks": [],
      "tests": [],
      "suites": [
        {
          "uuid": "620f87ae-f6b0-4fa6-9769-351f8b7ace7c",
          "title": "Manufacturers Screen",
          "fullFile": "",
          "file": "",
          "beforeHooks": [],
          "afterHooks": [],
          "tests": [
            {
              "title": "should land to home (manufacturers) screen and check that it renders successfully",
              "fullTitle": "Manufacturers Screen should land to home (manufacturers) screen and check that it renders successfully",
              "timedOut": null,
              "duration": 10241,
              "state": "passed",
              "speed": "slow",
              "pass": true,
              "fail": false,
              "pending": false,
              "context": null,
              "code": "// Check the structure of the screen\ncy.location('pathname', { timeout: 10000 }).should('eq', '/').end();\ncy.wait(2000);\ncy.get('#root')\n    .should('be.visible')\n    .should('have.css', 'background-color', 'rgb(246, 248, 255)');\n// Check page header\ncy.get('h1')\n    .should('be.visible')\n    .contains('All Manufacturers')\n    .should('have.css', 'color', 'rgb(26, 99, 245)');\ncy.get('[data-cy=total-count]').should('be.visible').contains('91');\ncy.get('#datagrid ').should('be.visible');\n// Check that dataGrid headers are visible and have correct values\ncy.get('[data-cy=data-grid-table-headers]')\n    .children()\n    .then(function ($headers) {\n    return $headers.map(function (_, $header) { return $header.textContent; }).get();\n})\n    .then(function (contents) {\n    if (contents === void 0) { contents = []; }\n    return assert(JSON.stringify(contents) === JSON.stringify(dataGridHeaders));\n});\n// Check that number of rows in first render in datagrid is correct and that each row has the right stylinh\ncy.get('[data-cy=data-grid-rows]')\n    .children()\n    .should('have.length', 91)\n    .first()\n    .should('have.css', 'height', '56px')\n    .and('have.css', 'display', 'flex')\n    .and('have.css', 'justify-content', 'flex-start')\n    .and('have.css', 'align-items', 'center');\ncy.get('[data-cy=data-grid-rows]')\n    .children()\n    .first()\n    .should('have.text', '955TeslaUNITED STATES (USA)');\n// Check that load more button is visible at the end of table\ncy.get('[data-cy=scrollable-div]')\n    .scrollTo('bottom')\n    .then(function () {\n    cy.get('[data-cy=load-more-btn]').should('be.visible');\n});",
              "err": {},
              "uuid": "8d00c2bc-919a-4541-8123-7dba13b86192",
              "parentUUID": "620f87ae-f6b0-4fa6-9769-351f8b7ace7c",
              "isHook": false,
              "skipped": false
            },
            {
              "title": "Should move to next page by clicking load more button",
              "fullTitle": "Manufacturers Screen Should move to next page by clicking load more button",
              "timedOut": null,
              "duration": 12318,
              "state": "passed",
              "speed": "slow",
              "pass": true,
              "fail": false,
              "pending": false,
              "context": null,
              "code": "// Check that load more button is visible at the end of table and click it to load more pages\ncy.get('[data-cy=scrollable-div]')\n    .scrollTo('bottom')\n    .then(function () {\n    cy.get('[data-cy=load-more-btn]').should('be.visible').click();\n});\ncy.wait(1000);\n// Check now that we have more results than 91\ncy.get('[data-cy=total-count]').should('be.visible').contains('175');",
              "err": {},
              "uuid": "04de76e8-3475-4f89-b308-9a28ca5ff462",
              "parentUUID": "620f87ae-f6b0-4fa6-9769-351f8b7ace7c",
              "isHook": false,
              "skipped": false
            },
            {
              "title": "Should move to models per make screen (for Tesla) by clicking on the details icon of first row",
              "fullTitle": "Manufacturers Screen Should move to models per make screen (for Tesla) by clicking on the details icon of first row",
              "timedOut": null,
              "duration": 8131,
              "state": "passed",
              "speed": "medium",
              "pass": true,
              "fail": false,
              "pending": false,
              "context": null,
              "code": "cy.get('[data-cy=data-grid-rows]')\n    .children()\n    .should('have.length', 91)\n    .first()\n    .within(function () {\n    cy.get('[data-cy=details-btn]').should('be.visible').click();\n});\ncy.wait(1000);\n// Check that it navigated to a different page\ncy.location('pathname', { timeout: 10000 })\n    .should('eq', '/manufacturers/955/models')\n    .end();\ncy.get('h1').should('be.visible').contains('Models for TESLA, INC.');\ncy.get('[data-cy=total-count]').should('be.visible').contains('6');",
              "err": {},
              "uuid": "9376620b-31fa-4016-b547-7ea518bbd0b8",
              "parentUUID": "620f87ae-f6b0-4fa6-9769-351f8b7ace7c",
              "isHook": false,
              "skipped": false
            }
          ],
          "suites": [],
          "passes": [
            "8d00c2bc-919a-4541-8123-7dba13b86192",
            "04de76e8-3475-4f89-b308-9a28ca5ff462",
            "9376620b-31fa-4016-b547-7ea518bbd0b8"
          ],
          "failures": [],
          "pending": [],
          "skipped": [],
          "duration": 30690,
          "root": false,
          "rootEmpty": false,
          "_timeout": 2000
        }
      ],
      "passes": [],
      "failures": [],
      "pending": [],
      "skipped": [],
      "duration": 0,
      "root": true,
      "rootEmpty": true,
      "_timeout": 2000
    }
  ],
  "meta": {
    "mocha": {
      "version": "7.0.1"
    },
    "mochawesome": {
      "options": {
        "quiet": false,
        "reportFilename": "mochawesome",
        "saveHtml": true,
        "saveJson": true,
        "consoleReporter": "spec",
        "useInlineDiffs": false,
        "code": true
      },
      "version": "7.1.3"
    },
    "marge": {
      "options": {
        "reportDir": "./cypress/reports",
        "overwrite": false,
        "mochaFile": "./cypress/reports/report-[hash].json"
      },
      "version": "6.2.0"
    }
  }
}